<?xml version="1.0" encoding="UTF-8"?>
<testsuite name="buy product" tests="1" skipped="0" failures="0" errors="0" timestamp="2022-09-02T20:03:56" hostname="QV-3579" time="23.789">
  <properties/>
  <testcase name="buy successful" classname="buy product" time="23.789"/>
  <system-out><![CDATA[]]></system-out>
  <system-err><![CDATA[sep 02, 2022 3:03:57 PM org.openqa.selenium.remote.DesiredCapabilities chrome
INFORMACIÓN: Using `new ChromeOptions()` is preferred to `DesiredCapabilities.chrome()`
[Test worker] INFO net.serenitybdd.core.webdriver.driverproviders.ProvideNewDriver - Instantiating driver
[Test worker] INFO net.serenitybdd.core.webdriver.driverproviders.ProvideNewDriver - Driver capabilities: Capabilities {acceptInsecureCerts: false, browserName: chrome, chrome.switches: --disable-popup-blocking,--..., goog:chromeOptions: {args: [--disable-popup-blocking, --incognito, --disable-download-notifica..., --start-maximized, --test-type, --ignore-certificate-errors, --allow-running-insecure-co..., --disable-translate, --always-authorize-plugins, --disable-extensions, --disable-dev-shm-usage], extensions: []}, loggingPrefs: org.openqa.selenium.logging..., platform: ANY, version: }
Starting ChromeDriver 103.0.5060.134 (8ec6fce403b3feb0869b0732eda8bd95011d333c-refs/branch-heads/5060@{#1262}) on port 47469
Only local connections are allowed.
Please see https://chromedriver.chromium.org/security-considerations for suggestions on keeping ChromeDriver safe.
ChromeDriver was started successfully.
[1662149040.894][WARNING]: This version of ChromeDriver has not been tested with Chrome version 104.
sep 02, 2022 3:04:01 PM org.openqa.selenium.remote.ProtocolHandshake createSession
INFORMACIÓN: Detected dialect: W3C
[Test worker] INFO net.thucydides.core.steps.ConsoleLoggingListener - 
        __    _____ _____ ____ _____   ____   _    ____  ____  _____ ____  
  _     \ \  |_   _| ____/ ___|_   _| |  _ \ / \  / ___|/ ___|| ____|  _ \ 
 (_)_____| |   | | |  _| \___ \ | |   | |_) / _ \ \___ \\___ \|  _| | | | |
  _|_____| |   | | | |___ ___) || |   |  __/ ___ \ ___) |___) | |___| |_| |
 (_)     | |   |_| |_____|____/ |_|   |_| /_/   \_\____/|____/|_____|____/ 
        /_/                                                                

TEST PASSED: buy successful
----------------------------------------------------------------------------
]]></system-err>
</testsuite>
